<?xml version="1.0" encoding="UTF-8"?>
<!-- Generated by org.testng.reporters.JUnitReportReporter -->
<testsuite hostname="VSI-LAP-25" name="pack.NewTest" tests="1" failures="0" timestamp="12 Aug 2016 07:57:33 GMT" time="0.014" errors="0">
  <testcase name="f" time="0.014" classname="pack.NewTest"/>
</testsuite> <!-- pack.NewTest -->
