<?xml version="1.0" encoding="UTF-8"?>
<!-- Generated by org.testng.reporters.JUnitReportReporter -->
<testsuite hostname="VSI-LAP-45" name="RACFtoAD.GroupManagement" tests="2" failures="0" timestamp="23 Nov 2016 07:15:19 GMT" time="8.025" errors="0">
  <testcase name="DeleteAllUserInGroup_CheckIftheGroupIsActive" time="8.020" classname="RACFtoAD.GroupManagement"/>
  <testcase name="ToAddGroup" time="0.005" classname="RACFtoAD.GroupManagement"/>
</testsuite> <!-- RACFtoAD.GroupManagement -->
